SF:/Users/mekael/Documents/programming/typescript/tmax/src/core/buffer.ts
FN:51,<instance_members_initializer>
FN:52,FunctionalGapBuffer
FN:61,create
FN:78,length
FN:85,insert
FN:113,delete
FN:141,charAt
FN:157,substring
FN:176,toString
FN:183,moveGap
FN:222,growGap
FN:243,insertIntoGap
FN:266,<instance_members_initializer>
FN:267,FunctionalTextBufferImpl
FN:275,create
FN:284,getContent
FN:291,getLine
FN:301,getLineCount
FN:308,insert
FN:331,delete
FN:360,replace
FN:372,getText
FN:389,getStats
FN:408,positionToOffset
FN:435,splitLines
FN:449,fromContent
FN:461,getWordAt
FN:497,findAll
FN:526,validate
FN:559,<instance_members_initializer>
FN:561,TextBufferImpl
FN:568,getContent
FN:579,getLine
FN:590,getLineCount
FN:601,insert
FN:612,delete
FN:623,replace
FN:634,getText
FN:645,getStats
FN:662,<instance_members_initializer>
FN:664,GapBuffer
FN:671,length
FN:678,insert
FN:689,delete
FN:700,charAt
FN:711,substring
FN:722,toString
FNDA:14,<instance_members_initializer>
FNDA:14,FunctionalGapBuffer
FNDA:2,create
FNDA:220,length
FNDA:5,insert
FNDA:3,delete
FNDA:172,charAt
FNDA:14,substring
FNDA:10,toString
FNDA:8,moveGap
FNDA:0,growGap
FNDA:5,insertIntoGap
FNDA:5,<instance_members_initializer>
FNDA:5,FunctionalTextBufferImpl
FNDA:1,create
FNDA:1,getContent
FNDA:6,getLine
FNDA:1,getLineCount
FNDA:2,insert
FNDA:2,delete
FNDA:1,replace
FNDA:2,getText
FNDA:0,getStats
FNDA:10,positionToOffset
FNDA:5,splitLines
FNDA:0,fromContent
FNDA:0,getWordAt
FNDA:0,findAll
FNDA:0,validate
FNDA:1,<instance_members_initializer>
FNDA:1,TextBufferImpl
FNDA:1,getContent
FNDA:6,getLine
FNDA:1,getLineCount
FNDA:1,insert
FNDA:1,delete
FNDA:1,replace
FNDA:2,getText
FNDA:0,getStats
FNDA:1,<instance_members_initializer>
FNDA:1,GapBuffer
FNDA:5,length
FNDA:3,insert
FNDA:1,delete
FNDA:2,charAt
FNDA:2,substring
FNDA:5,toString
FNF:47
FNH:40
BRDA:65,3,0,1
BRDA:66,3,1,20
BRDA:70,3,2,1
BRDA:86,5,0,0
BRDA:91,5,1,0
BRDA:99,5,2,0
BRDA:114,6,0,0
BRDA:118,6,1,0
BRDA:124,6,2,0
BRDA:142,7,0,0
BRDA:146,7,1,83
BRDA:147,7,2,0
BRDA:148,7,3,89
BRDA:150,7,4,0
BRDA:158,8,0,0
BRDA:163,8,1,170
BRDA:165,8,2,0
BRDA:184,10,0,0
BRDA:188,10,1,4
BRDA:199,10,2,26
BRDA:205,10,3,0
BRDA:214,10,4,4
BRDA:244,12,0,0
BRDA:251,12,1,17
BRDA:292,17,0,0
BRDA:310,19,0,0
BRDA:315,19,1,0
BRDA:320,19,2,0
BRDA:333,20,0,0
BRDA:338,20,1,0
BRDA:344,20,2,0
BRDA:349,20,3,0
BRDA:362,21,0,0
BRDA:374,22,0,0
BRDA:379,22,1,0
BRDA:409,24,0,0
BRDA:413,24,1,0
BRDA:420,24,2,2
BRDA:436,25,0,0
BRDA:438,25,1,0
BRDA:570,32,0,0
BRDA:581,33,0,0
BRDA:592,34,0,0
BRDA:603,35,0,0
BRDA:614,36,0,0
BRDA:625,37,0,0
BRDA:636,38,0,0
BRDA:680,43,0,0
BRDA:691,44,0,0
BRDA:702,45,0,0
BRDA:713,46,0,0
BRDA:724,47,0,0
BRF:52
BRH:11
DA:7,1
DA:51,1
DA:52,1
DA:53,16
DA:54,16
DA:55,16
DA:56,16
DA:61,1
DA:62,3
DA:63,3
DA:65,3
DA:66,4
DA:67,24
DA:68,24
DA:69,4
DA:70,4
DA:72,4
DA:73,3
DA:78,1
DA:79,221
DA:80,221
DA:85,1
DA:86,0
DA:87,0
DA:88,0
DA:90,6
DA:91,0
DA:92,0
DA:93,0
DA:95,6
DA:98,6
DA:99,0
DA:100,0
DA:101,0
DA:102,0
DA:103,0
DA:104,0
DA:105,0
DA:107,6
DA:108,6
DA:113,1
DA:114,0
DA:115,0
DA:116,0
DA:118,0
DA:119,0
DA:120,0
DA:122,4
DA:123,4
DA:124,0
DA:125,0
DA:126,0
DA:128,4
DA:129,4
DA:131,4
DA:132,4
DA:133,4
DA:134,4
DA:136,4
DA:141,1
DA:142,0
DA:143,0
DA:144,0
DA:146,173
DA:147,0
DA:148,173
DA:149,262
DA:150,0
DA:151,262
DA:152,173
DA:157,1
DA:158,0
DA:159,0
DA:160,0
DA:162,15
DA:163,15
DA:164,185
DA:165,0
DA:166,0
DA:167,0
DA:168,185
DA:169,185
DA:170,15
DA:171,15
DA:176,1
DA:177,11
DA:178,11
DA:183,1
DA:184,0
DA:185,0
DA:186,0
DA:188,9
DA:189,13
DA:190,13
DA:192,39
DA:193,13
DA:194,13
DA:196,13
DA:198,13
DA:199,13
DA:200,39
DA:201,39
DA:202,39
DA:203,13
DA:204,13
DA:205,0
DA:207,0
DA:208,0
DA:209,0
DA:210,0
DA:211,0
DA:212,0
DA:213,0
DA:214,0
DA:216,13
DA:217,9
DA:222,0
DA:223,0
DA:224,0
DA:227,0
DA:228,0
DA:229,0
DA:232,0
DA:233,0
DA:234,0
DA:235,0
DA:237,0
DA:238,0
DA:243,1
DA:244,0
DA:245,0
DA:246,0
DA:248,18
DA:251,6
DA:252,23
DA:253,23
DA:255,6
DA:256,6
DA:257,6
DA:258,6
DA:260,6
DA:261,1
DA:266,1
DA:267,1
DA:268,7
DA:269,7
DA:270,7
DA:275,1
DA:276,2
DA:277,2
DA:278,2
DA:279,2
DA:284,1
DA:285,2
DA:286,2
DA:291,1
DA:292,0
DA:293,0
DA:294,0
DA:295,7
DA:296,7
DA:301,1
DA:302,2
DA:303,2
DA:308,1
DA:309,3
DA:310,0
DA:311,0
DA:312,0
DA:314,3
DA:315,0
DA:316,0
DA:317,0
DA:319,3
DA:320,0
DA:321,0
DA:322,0
DA:324,3
DA:325,3
DA:326,3
DA:331,1
DA:332,3
DA:333,0
DA:334,0
DA:335,0
DA:337,3
DA:338,0
DA:339,0
DA:340,0
DA:342,3
DA:343,3
DA:344,0
DA:345,0
DA:346,0
DA:348,3
DA:349,0
DA:350,0
DA:351,0
DA:353,3
DA:354,3
DA:355,3
DA:360,1
DA:361,2
DA:362,0
DA:363,0
DA:364,0
DA:366,2
DA:367,2
DA:372,1
DA:373,3
DA:374,0
DA:375,0
DA:376,0
DA:378,3
DA:379,0
DA:380,0
DA:381,0
DA:383,3
DA:384,3
DA:389,0
DA:390,0
DA:391,0
DA:392,0
DA:393,0
DA:395,0
DA:396,0
DA:398,0
DA:399,0
DA:400,0
DA:401,0
DA:402,0
DA:403,0
DA:408,1
DA:409,0
DA:410,0
DA:411,0
DA:413,0
DA:414,0
DA:415,0
DA:417,11
DA:420,11
DA:421,13
DA:422,13
DA:425,11
DA:426,11
DA:427,11
DA:429,11
DA:430,11
DA:435,1
DA:436,0
DA:437,6
DA:438,0
DA:439,6
DA:440,1
DA:445,1
DA:449,0
DA:450,0
DA:451,0
DA:452,0
DA:453,0
DA:454,0
DA:455,0
DA:456,0
DA:461,0
DA:462,0
DA:463,0
DA:464,0
DA:465,0
DA:467,0
DA:468,0
DA:470,0
DA:471,0
DA:472,0
DA:474,0
DA:475,0
DA:476,0
DA:477,0
DA:480,0
DA:481,0
DA:482,0
DA:483,0
DA:484,0
DA:486,0
DA:487,0
DA:488,0
DA:489,0
DA:491,0
DA:492,0
DA:497,0
DA:498,0
DA:499,0
DA:500,0
DA:501,0
DA:503,0
DA:504,0
DA:505,0
DA:507,0
DA:508,0
DA:509,0
DA:511,0
DA:512,0
DA:513,0
DA:515,0
DA:516,0
DA:517,0
DA:518,0
DA:520,0
DA:521,0
DA:526,0
DA:527,0
DA:530,0
DA:531,0
DA:532,0
DA:533,0
DA:536,0
DA:537,0
DA:538,0
DA:539,0
DA:542,0
DA:543,0
DA:544,0
DA:545,0
DA:547,0
DA:548,0
DA:549,0
DA:550,0
DA:551,0
DA:552,1
DA:558,1
DA:559,1
DA:561,1
DA:562,2
DA:563,2
DA:568,1
DA:569,2
DA:570,0
DA:571,0
DA:572,0
DA:573,2
DA:574,2
DA:579,1
DA:580,7
DA:581,0
DA:582,0
DA:583,0
DA:584,7
DA:585,7
DA:590,1
DA:591,2
DA:592,0
DA:593,0
DA:594,0
DA:595,2
DA:596,2
DA:601,1
DA:602,2
DA:603,0
DA:604,0
DA:605,0
DA:606,2
DA:607,2
DA:612,1
DA:613,2
DA:614,0
DA:615,0
DA:616,0
DA:617,2
DA:618,2
DA:623,1
DA:624,2
DA:625,0
DA:626,0
DA:627,0
DA:628,2
DA:629,2
DA:634,1
DA:635,3
DA:636,0
DA:637,0
DA:638,0
DA:639,3
DA:640,3
DA:645,0
DA:646,0
DA:647,0
DA:648,0
DA:649,0
DA:650,0
DA:651,0
DA:652,1
DA:655,1
DA:661,1
DA:662,1
DA:664,1
DA:665,2
DA:666,2
DA:671,1
DA:672,6
DA:673,6
DA:678,1
DA:679,4
DA:680,0
DA:681,0
DA:682,0
DA:683,4
DA:684,4
DA:689,1
DA:690,2
DA:691,0
DA:692,0
DA:693,0
DA:694,2
DA:695,2
DA:700,1
DA:701,3
DA:702,0
DA:703,0
DA:704,0
DA:705,3
DA:706,3
DA:711,1
DA:712,3
DA:713,0
DA:714,0
DA:715,0
DA:716,3
DA:717,3
DA:722,1
DA:723,6
DA:724,0
DA:725,0
DA:726,0
DA:727,6
DA:728,6
DA:729,1
LH:206
LF:435
end_of_record
SF:/Users/mekael/Documents/programming/typescript/tmax/src/core/filesystem.ts
FN:43,readFile
FN:50,writeFile
FN:57,exists
FN:77,stat
FN:95,remove
FN:105,backup
FN:117,atomicSave
FN:144,readJsonFile
FN:152,writeJsonFile
FN:160,copyFile
FN:168,readFiles
FN:181,saveWithRetry
FN:191,ensureDir
FN:200,listDir
FN:215,isFile
FN:225,isDirectory
FN:238,<instance_members_initializer>
FN:240,FileSystemImpl
FN:247,readFile
FN:258,writeFile
FN:268,exists
FN:279,stat
FNDA:2,readFile
FNDA:1,writeFile
FNDA:2,exists
FNDA:1,stat
FNDA:0,remove
FNDA:0,backup
FNDA:0,atomicSave
FNDA:0,readJsonFile
FNDA:0,writeJsonFile
FNDA:0,copyFile
FNDA:0,readFiles
FNDA:0,saveWithRetry
FNDA:0,ensureDir
FNDA:0,listDir
FNDA:0,isFile
FNDA:0,isDirectory
FNDA:1,<instance_members_initializer>
FNDA:1,FileSystemImpl
FNDA:2,readFile
FNDA:1,writeFile
FNDA:2,exists
FNDA:1,stat
FNF:22
FNH:10
BRDA:61,4,0,1
BRDA:66,4,1,0
BRDA:85,7,0,0
BRDA:249,23,0,1
BRDA:260,24,0,0
BRDA:270,25,0,0
BRDA:281,26,0,0
BRF:7
BRH:2
DA:7,1
DA:38,1
DA:43,1
DA:44,3
DA:45,3
DA:50,1
DA:51,2
DA:52,2
DA:57,1
DA:58,3
DA:59,3
DA:60,5
DA:61,5
DA:62,6
DA:63,6
DA:64,6
DA:65,6
DA:66,6
DA:67,0
DA:68,0
DA:69,0
DA:70,0
DA:72,3
DA:77,1
DA:78,2
DA:79,2
DA:80,3
DA:81,3
DA:82,3
DA:83,3
DA:84,3
DA:85,0
DA:86,3
DA:87,0
DA:88,0
DA:90,2
DA:95,0
DA:96,0
DA:97,0
DA:98,0
DA:100,0
DA:105,0
DA:106,0
DA:108,0
DA:109,0
DA:110,0
DA:111,0
DA:112,0
DA:117,0
DA:118,0
DA:119,0
DA:120,0
DA:122,0
DA:123,0
DA:124,0
DA:127,0
DA:128,0
DA:129,0
DA:130,0
DA:132,0
DA:133,0
DA:134,0
DA:135,1
DA:140,1
DA:144,0
DA:145,0
DA:146,0
DA:147,0
DA:152,0
DA:153,0
DA:154,0
DA:155,0
DA:160,0
DA:161,0
DA:162,0
DA:163,0
DA:168,0
DA:169,0
DA:170,0
DA:171,0
DA:172,0
DA:175,0
DA:176,0
DA:181,0
DA:182,0
DA:183,0
DA:184,0
DA:185,0
DA:186,0
DA:191,0
DA:192,0
DA:193,0
DA:194,0
DA:200,0
DA:201,0
DA:202,0
DA:203,0
DA:204,0
DA:205,0
DA:206,0
DA:207,0
DA:208,0
DA:209,0
DA:215,0
DA:216,0
DA:217,0
DA:218,0
DA:219,0
DA:220,0
DA:225,0
DA:226,0
DA:227,0
DA:228,0
DA:229,0
DA:230,0
DA:231,1
DA:237,1
DA:238,1
DA:240,1
DA:241,2
DA:242,2
DA:247,1
DA:248,3
DA:249,3
DA:250,4
DA:251,4
DA:252,4
DA:253,3
DA:258,1
DA:259,2
DA:260,0
DA:261,0
DA:262,0
DA:263,2
DA:268,1
DA:269,3
DA:270,0
DA:271,0
DA:272,0
DA:273,3
DA:274,3
DA:279,1
DA:280,2
DA:281,0
DA:282,0
DA:283,0
DA:284,2
DA:285,2
DA:286,1
DA:289,1
LH:57
LF:150
end_of_record
SF:/Users/mekael/Documents/programming/typescript/tmax/src/core/terminal.ts
FN:64,<instance_members_initializer>
FN:70,getSize
FN:104,clear
FN:122,clearToEndOfLine
FN:140,moveCursor
FN:148,write
FN:185,readKey
FN:263,enterRawMode
FN:351,exitRawMode
FN:393,enterAlternateScreen
FN:400,exitAlternateScreen
FN:407,hideCursor
FN:414,showCursor
FN:421,isStdinTTY
FN:442,isStdinTTYInternal
FN:449,writeEscapeSequence
FN:483,writeLines
FN:501,clearArea
FN:522,writeWrapped
FN:552,setupEditorTerminal
FN:571,cleanupEditorTerminal
FN:589,getCapabilities
FN:633,<instance_members_initializer>
FN:635,TerminalIOImpl
FN:642,getSize
FN:653,clear
FN:663,clearToEndOfLine
FN:673,moveCursor
FN:683,write
FN:693,readKey
FN:704,enterRawMode
FN:714,exitRawMode
FN:724,enterAlternateScreen
FN:734,exitAlternateScreen
FN:744,hideCursor
FN:754,showCursor
FNDA:2,<instance_members_initializer>
FNDA:2,getSize
FNDA:0,clear
FNDA:0,clearToEndOfLine
FNDA:0,moveCursor
FNDA:0,write
FNDA:1,readKey
FNDA:0,enterRawMode
FNDA:0,exitRawMode
FNDA:0,enterAlternateScreen
FNDA:0,exitAlternateScreen
FNDA:0,hideCursor
FNDA:0,showCursor
FNDA:0,isStdinTTY
FNDA:0,isStdinTTYInternal
FNDA:0,writeEscapeSequence
FNDA:0,writeLines
FNDA:0,clearArea
FNDA:0,writeWrapped
FNDA:0,setupEditorTerminal
FNDA:0,cleanupEditorTerminal
FNDA:0,getCapabilities
FNDA:1,<instance_members_initializer>
FNDA:1,TerminalIOImpl
FNDA:1,getSize
FNDA:0,clear
FNDA:0,clearToEndOfLine
FNDA:0,moveCursor
FNDA:0,write
FNDA:0,readKey
FNDA:0,enterRawMode
FNDA:0,exitRawMode
FNDA:0,enterAlternateScreen
FNDA:0,exitAlternateScreen
FNDA:0,hideCursor
FNDA:0,showCursor
FNF:36
FNH:6
BRDA:205,8,0,0
BRDA:240,9,0,0
BRDA:243,9,1,0
BRDA:245,9,2,0
BRDA:245,9,3,0
BRDA:644,27,0,0
BRF:6
BRH:0
DA:7,2
DA:8,2
DA:9,2
DA:63,2
DA:64,2
DA:65,2
DA:70,2
DA:71,4
DA:73,4
DA:74,4
DA:75,4
DA:76,4
DA:77,4
DA:78,4
DA:80,4
DA:81,4
DA:82,4
DA:84,4
DA:85,4
DA:87,4
DA:88,4
DA:89,4
DA:90,4
DA:92,4
DA:93,4
DA:94,12
DA:95,16
DA:97,4
DA:98,4
DA:99,4
DA:104,0
DA:105,0
DA:106,0
DA:108,0
DA:109,0
DA:110,0
DA:111,0
DA:112,0
DA:113,0
DA:114,0
DA:115,0
DA:116,0
DA:117,0
DA:122,0
DA:123,0
DA:124,0
DA:126,0
DA:127,0
DA:128,0
DA:129,0
DA:130,0
DA:131,0
DA:132,0
DA:133,0
DA:134,0
DA:135,0
DA:140,0
DA:141,0
DA:142,0
DA:143,0
DA:148,0
DA:149,0
DA:150,0
DA:152,0
DA:153,0
DA:154,0
DA:155,0
DA:156,0
DA:157,0
DA:158,0
DA:159,0
DA:160,0
DA:161,0
DA:162,0
DA:163,0
DA:164,0
DA:165,0
DA:166,0
DA:167,0
DA:168,0
DA:169,0
DA:170,0
DA:171,0
DA:172,0
DA:173,0
DA:174,0
DA:176,0
DA:177,0
DA:178,0
DA:180,0
DA:185,2
DA:186,3
DA:187,3
DA:189,3
DA:190,3
DA:191,4
DA:192,4
DA:193,4
DA:194,4
DA:195,4
DA:196,4
DA:197,4
DA:198,4
DA:199,4
DA:200,4
DA:201,4
DA:202,8
DA:203,4
DA:205,4
DA:207,0
DA:208,0
DA:209,0
DA:210,0
DA:212,0
DA:213,0
DA:215,0
DA:216,0
DA:217,0
DA:218,0
DA:219,0
DA:220,0
DA:221,0
DA:222,0
DA:223,0
DA:224,0
DA:225,0
DA:226,0
DA:227,0
DA:229,0
DA:231,0
DA:232,0
DA:234,0
DA:235,0
DA:236,0
DA:237,4
DA:238,4
DA:239,4
DA:240,4
DA:242,0
DA:243,0
DA:244,0
DA:245,0
DA:246,0
DA:247,4
DA:248,4
DA:249,4
DA:250,4
DA:251,4
DA:254,4
DA:255,4
DA:256,3
DA:258,3
DA:263,0
DA:264,0
DA:265,0
DA:267,0
DA:268,0
DA:269,0
DA:270,0
DA:271,0
DA:272,0
DA:273,0
DA:274,0
DA:275,0
DA:277,0
DA:278,0
DA:279,0
DA:280,0
DA:281,0
DA:282,0
DA:283,0
DA:284,0
DA:285,0
DA:286,0
DA:287,0
DA:288,0
DA:289,0
DA:290,0
DA:291,0
DA:293,0
DA:295,0
DA:297,0
DA:298,0
DA:299,0
DA:300,0
DA:302,0
DA:303,0
DA:306,0
DA:307,0
DA:308,0
DA:309,0
DA:310,0
DA:311,0
DA:312,0
DA:314,0
DA:315,0
DA:316,0
DA:317,0
DA:318,0
DA:319,0
DA:320,0
DA:322,0
DA:323,0
DA:324,0
DA:325,0
DA:326,0
DA:327,0
DA:328,0
DA:330,0
DA:331,0
DA:332,0
DA:333,0
DA:334,0
DA:335,0
DA:336,0
DA:337,0
DA:338,0
DA:339,0
DA:342,0
DA:343,0
DA:344,0
DA:346,0
DA:351,0
DA:352,0
DA:353,0
DA:355,0
DA:356,0
DA:357,0
DA:358,0
DA:359,0
DA:360,0
DA:361,0
DA:362,0
DA:363,0
DA:365,0
DA:366,0
DA:367,0
DA:368,0
DA:370,0
DA:371,0
DA:372,0
DA:373,0
DA:374,0
DA:375,0
DA:376,0
DA:377,0
DA:378,0
DA:379,0
DA:380,0
DA:381,0
DA:382,0
DA:384,0
DA:385,0
DA:386,0
DA:388,0
DA:393,0
DA:394,0
DA:395,0
DA:400,0
DA:401,0
DA:402,0
DA:407,0
DA:408,0
DA:409,0
DA:414,0
DA:415,0
DA:416,0
DA:421,0
DA:422,0
DA:423,0
DA:424,0
DA:425,0
DA:426,0
DA:427,0
DA:428,0
DA:429,0
DA:430,0
DA:431,0
DA:432,0
DA:433,0
DA:435,0
DA:436,0
DA:437,0
DA:442,0
DA:443,0
DA:444,0
DA:449,0
DA:450,0
DA:451,0
DA:452,0
DA:453,0
DA:454,0
DA:455,0
DA:456,0
DA:457,0
DA:458,0
DA:459,0
DA:460,0
DA:461,0
DA:462,0
DA:463,0
DA:464,0
DA:465,0
DA:466,0
DA:467,0
DA:468,0
DA:469,0
DA:470,0
DA:473,0
DA:474,2
DA:479,2
DA:483,0
DA:484,0
DA:485,0
DA:486,0
DA:487,0
DA:488,0
DA:490,0
DA:491,0
DA:492,0
DA:493,0
DA:495,0
DA:496,0
DA:501,0
DA:502,0
DA:504,0
DA:505,0
DA:506,0
DA:507,0
DA:508,0
DA:510,0
DA:511,0
DA:512,0
DA:514,0
DA:516,0
DA:517,0
DA:522,0
DA:523,0
DA:524,0
DA:525,0
DA:527,0
DA:529,0
DA:530,0
DA:532,0
DA:533,0
DA:534,0
DA:536,0
DA:537,0
DA:538,0
DA:539,0
DA:542,0
DA:543,0
DA:545,0
DA:546,0
DA:547,0
DA:552,0
DA:553,0
DA:554,0
DA:555,0
DA:556,0
DA:557,0
DA:558,0
DA:559,0
DA:560,0
DA:561,0
DA:562,0
DA:563,0
DA:564,0
DA:565,0
DA:571,0
DA:572,0
DA:573,0
DA:574,0
DA:575,0
DA:576,0
DA:577,0
DA:578,0
DA:579,0
DA:580,0
DA:581,0
DA:582,0
DA:583,0
DA:589,0
DA:590,0
DA:591,0
DA:593,0
DA:594,0
DA:595,0
DA:596,0
DA:597,0
DA:598,0
DA:599,0
DA:600,0
DA:601,0
DA:602,0
DA:603,0
DA:605,0
DA:607,0
DA:608,0
DA:609,0
DA:610,0
DA:611,0
DA:612,0
DA:613,0
DA:614,0
DA:615,0
DA:616,0
DA:617,0
DA:619,0
DA:621,0
DA:622,0
DA:623,0
DA:624,0
DA:625,0
DA:626,2
DA:632,2
DA:633,2
DA:635,2
DA:636,3
DA:637,3
DA:642,2
DA:643,3
DA:644,0
DA:645,0
DA:646,0
DA:647,3
DA:648,3
DA:653,0
DA:654,0
DA:655,0
DA:656,0
DA:657,0
DA:658,0
DA:663,0
DA:664,0
DA:665,0
DA:666,0
DA:667,0
DA:668,0
DA:673,0
DA:674,0
DA:675,0
DA:676,0
DA:677,0
DA:678,0
DA:683,0
DA:684,0
DA:685,0
DA:686,0
DA:687,0
DA:688,0
DA:693,0
DA:694,0
DA:695,0
DA:696,0
DA:697,0
DA:698,0
DA:699,0
DA:704,0
DA:705,0
DA:706,0
DA:707,0
DA:708,0
DA:709,0
DA:714,0
DA:715,0
DA:716,0
DA:717,0
DA:718,0
DA:719,0
DA:724,0
DA:725,0
DA:726,0
DA:727,0
DA:728,0
DA:729,0
DA:734,0
DA:735,0
DA:736,0
DA:737,0
DA:738,0
DA:739,0
DA:744,0
DA:745,0
DA:746,0
DA:747,0
DA:748,0
DA:749,0
DA:754,0
DA:755,0
DA:756,0
DA:757,0
DA:758,0
DA:759,0
DA:760,2
DA:763,2
LH:76
LF:496
end_of_record
SF:/Users/mekael/Documents/programming/typescript/tmax/src/tlisp/environment.ts
FN:12,<instance_members_initializer>
FN:19,TLispEnvironmentImpl
FN:29,lookup
FN:47,define
FN:57,set
FN:75,createChild
FNDA:120,<instance_members_initializer>
FNDA:120,TLispEnvironmentImpl
FNDA:1821,lookup
FNDA:215,define
FNDA:0,set
FNDA:0,createChild
FNF:6
FNH:4
BRDA:31,3,0,1116
BRDA:33,3,1,1655
BRDA:33,3,2,705
BRDA:35,3,3,704
BRDA:37,3,4,1
BRF:5
BRH:5
DA:11,2
DA:12,2
DA:13,2
DA:19,2
DA:20,122
DA:21,122
DA:22,122
DA:29,2
DA:30,1823
DA:31,1823
DA:32,2939
DA:33,2939
DA:35,3478
DA:36,4182
DA:37,4182
DA:39,1824
DA:40,1823
DA:47,2
DA:48,217
DA:49,217
DA:57,0
DA:58,0
DA:59,0
DA:60,0
DA:61,0
DA:63,0
DA:64,0
DA:65,0
DA:66,0
DA:68,0
DA:69,0
DA:75,0
DA:76,0
DA:77,0
DA:78,2
LH:21
LF:35
end_of_record
SF:/Users/mekael/Documents/programming/typescript/tmax/src/tlisp/evaluator.ts
FN:40,isTailCall
FN:47,createTailCall
FN:61,eval
FN:83,evalInternal
FN:112,evalSymbol
FN:130,evalList
FN:182,evalQuote
FN:202,evalIf
FN:231,evalLet
FN:287,evalLambda
FN:311,lambdaFunction
FN:343,evalDefun
FN:376,evalCond
FN:428,evalQuasiquote
FN:448,expandQuasiquote
FN:551,evalDefmacro
FN:616,evalFunctionCall
FN:655,evalFunctionCallInternal
FN:677,createEvaluatorWithBuiltins
FNDA:1603,isTailCall
FNDA:0,createTailCall
FNDA:1612,eval
FNDA:1743,evalInternal
FNDA:682,evalSymbol
FNDA:609,evalList
FNDA:29,evalQuote
FNDA:20,evalIf
FNDA:5,evalLet
FNDA:5,evalLambda
FNDA:113,lambdaFunction
FNDA:4,evalDefun
FNDA:110,evalCond
FNDA:0,evalQuasiquote
FNDA:0,expandQuasiquote
FNDA:0,evalDefmacro
FNDA:436,evalFunctionCall
FNDA:436,evalFunctionCallInternal
FNDA:2,createEvaluatorWithBuiltins
FNF:19
FNH:15
BRDA:65,3,0,0
BRDA:71,3,1,1603
BRDA:85,5,0,4
BRDA:86,5,1,110
BRDA:87,5,2,428
BRDA:88,5,3,452
BRDA:92,5,4,682
BRDA:95,5,5,609
BRDA:98,5,6,0
BRDA:101,5,7,0
BRDA:116,6,0,1
BRDA:118,6,1,681
BRDA:133,7,0,0
BRDA:138,7,1,0
BRDA:143,7,2,608
BRDA:147,7,3,29
BRDA:149,7,4,0
BRDA:151,7,5,0
BRDA:153,7,6,0
BRDA:155,7,7,0
BRDA:157,7,8,20
BRDA:159,7,9,5
BRDA:161,7,10,5
BRDA:163,7,11,4
BRDA:165,7,12,110
BRDA:167,7,13,435
BRDA:170,7,14,1
BRDA:183,8,0,0
BRDA:188,8,1,0
BRDA:203,9,0,0
BRDA:211,9,1,0
BRDA:217,9,2,10
BRDA:232,10,0,0
BRDA:239,10,1,0
BRDA:243,10,2,0
BRDA:252,10,3,7
BRDA:253,10,4,0
BRDA:258,10,5,0
BRDA:265,10,6,0
BRDA:269,10,7,0
BRDA:288,11,0,0
BRDA:295,11,1,0
BRDA:299,11,2,0
BRDA:305,11,3,0
BRDA:312,12,0,0
BRDA:323,12,1,0
BRDA:344,13,0,0
BRDA:352,13,1,0
BRDA:356,13,2,0
BRDA:377,14,0,1
BRDA:379,14,1,109
BRDA:382,14,2,215
BRDA:384,14,3,0
BRDA:388,14,4,1
BRDA:390,14,5,214
BRDA:393,14,6,1
BRDA:395,14,7,213
BRDA:400,14,8,0
BRDA:402,14,9,213
BRDA:405,14,10,0
BRDA:405,14,11,0
BRDA:407,14,12,213
BRDA:413,14,13,106
BRDA:416,14,14,1
BRDA:618,18,0,0
BRDA:625,18,1,435
BRDA:628,18,2,0
BRDA:637,18,3,0
BRDA:656,20,0,0
BRDA:663,20,1,0
BRDA:684,22,0,10
BRDA:685,22,1,0
BRDA:694,23,0,0
BRDA:698,23,1,0
BRDA:703,23,2,0
BRDA:709,23,3,0
BRDA:719,24,0,18
BRDA:720,24,1,0
BRDA:729,25,0,0
BRDA:733,25,1,0
BRDA:738,25,2,0
BRDA:744,25,3,0
BRDA:748,25,4,0
BRDA:758,26,0,0
BRDA:765,26,1,0
BRDA:769,26,2,0
BRDA:777,27,0,0
BRDA:784,27,1,0
BRDA:788,27,2,0
BRDA:796,28,0,0
BRDA:803,28,1,0
BRDA:807,28,2,0
BRDA:816,29,0,0
BRDA:823,29,1,0
BRDA:827,29,2,0
BRDA:836,30,0,0
BRDA:841,30,1,0
BRDA:845,30,2,0
BRDA:850,30,3,0
BRDA:855,30,4,0
BRDA:863,31,0,0
BRDA:868,31,1,0
BRDA:872,31,2,0
BRDA:877,31,3,0
BRDA:886,32,0,0
BRDA:891,32,1,0
BRDA:895,32,2,1
BRDA:899,33,0,0
BRDA:904,33,1,0
BRDA:932,35,0,0
BRDA:937,35,1,0
BRDA:941,35,2,2
BRDA:943,35,3,1
BRDA:951,36,0,0
BRDA:959,36,1,0
BRDA:963,36,2,0
BRDA:967,36,3,0
BRDA:980,37,0,6
BRDA:981,37,1,0
BRDA:990,38,0,0
BRDA:997,38,1,0
BRDA:1001,38,2,0
BRDA:1009,39,0,0
BRDA:1016,39,1,0
BRDA:1020,39,2,0
BRDA:1028,40,0,0
BRDA:1035,40,1,0
BRDA:1039,40,2,0
BRDA:1047,41,0,0
BRDA:1052,41,1,0
BRDA:1056,41,2,0
BRDA:1064,42,0,0
BRDA:1069,42,1,0
BRDA:1073,42,2,0
BRDA:1083,43,0,3
BRDA:1084,43,1,0
BRDA:1093,44,0,0
BRDA:1098,44,1,0
BRDA:1102,44,2,0
BRDA:1111,45,0,0
BRDA:1118,45,1,0
BRDA:1122,45,2,0
BRDA:1126,45,3,0
BRDA:1133,45,4,1
BRDA:1135,45,5,7
BRDA:1138,45,6,0
BRDA:1142,46,0,0
BRDA:1147,46,1,0
BRDA:1151,46,2,0
BRDA:1156,46,3,1
BRDA:1161,46,4,0
BRDA:1165,47,0,0
BRDA:1172,47,1,0
BRDA:1176,47,2,0
BRDA:1181,47,3,6
BRDA:1183,47,4,1
BRDA:1186,47,5,1
BRDA:1193,48,0,0
BRDA:1198,48,1,0
BRDA:1206,49,0,0
BRDA:1211,49,1,0
BRDA:1219,50,0,0
BRDA:1224,50,1,0
BRDA:1232,51,0,0
BRDA:1237,51,1,0
BRDA:1245,52,0,0
BRDA:1250,52,1,0
BRDA:1258,53,0,0
BRDA:1263,53,1,0
BRDA:1267,53,2,0
BRDA:1275,54,0,0
BRDA:1280,54,1,0
BRDA:1284,54,2,0
BRDA:1293,55,0,0
BRDA:1298,55,1,0
BRDA:1302,55,2,0
BRDA:1312,56,0,1
BRDA:1314,56,1,3
BRDA:1317,56,2,0
BRDA:1319,56,3,3
BRDA:1321,56,4,0
BRDA:1323,56,5,3
BRDA:1329,57,0,1
BRDA:1334,57,1,4
BRDA:1335,57,2,0
BRDA:1339,57,3,2
BRDA:1342,57,4,1
BRDA:1348,58,0,0
BRDA:1353,58,1,4
BRDA:1354,58,2,0
BRDA:1358,58,3,2
BRDA:1367,59,0,0
BRDA:1372,59,1,0
BRDA:1376,59,2,0
BRDA:1381,59,3,1
BRDA:1383,59,4,2
BRDA:1389,60,0,0
BRDA:1396,60,1,0
BRDA:1400,60,2,0
BRDA:1408,61,0,0
BRDA:1415,61,1,0
BRDA:1419,61,2,0
BRDA:1424,61,3,1
BRDA:1432,62,0,0
BRDA:1437,62,1,0
BRDA:1441,62,2,0
BRDA:1449,63,0,0
BRDA:1454,63,1,0
BRDA:1458,63,2,0
BRDA:1466,64,0,0
BRDA:1471,64,1,0
BRDA:1475,64,2,0
BRDA:1484,65,0,0
BRDA:1489,65,1,0
BRDA:1499,67,0,1
BRDA:1501,67,1,2
BRDA:1501,67,2,1
BRDA:1504,67,3,0
BRDA:1505,67,4,0
BRF:219
BRH:61
DA:7,2
DA:8,2
DA:9,2
DA:10,2
DA:11,2
DA:12,2
DA:13,2
DA:14,2
DA:15,2
DA:16,2
DA:17,2
DA:18,2
DA:19,2
DA:20,2
DA:40,2
DA:41,1605
DA:42,1605
DA:47,0
DA:48,0
DA:49,0
DA:54,2
DA:61,2
DA:62,1614
DA:65,0
DA:67,0
DA:68,0
DA:69,0
DA:70,0
DA:71,0
DA:73,3217
DA:74,1614
DA:83,2
DA:84,1745
DA:85,1745
DA:86,1745
DA:87,1745
DA:88,1745
DA:90,2197
DA:92,1745
DA:93,2427
DA:95,1745
DA:96,2354
DA:98,0
DA:99,0
DA:101,0
DA:102,0
DA:103,1745
DA:104,1745
DA:112,2
DA:113,684
DA:114,684
DA:116,684
DA:117,685
DA:118,685
DA:120,1365
DA:121,684
DA:130,2
DA:131,611
DA:133,0
DA:134,0
DA:135,0
DA:137,611
DA:138,0
DA:139,0
DA:140,0
DA:143,611
DA:144,1219
DA:146,1219
DA:147,1219
DA:148,1248
DA:149,0
DA:150,0
DA:151,0
DA:152,0
DA:153,0
DA:154,0
DA:155,0
DA:156,0
DA:157,1219
DA:158,1239
DA:159,1219
DA:160,1224
DA:161,1219
DA:162,1224
DA:163,1219
DA:164,1223
DA:165,1219
DA:166,1329
DA:167,1219
DA:168,1654
DA:169,1219
DA:170,1219
DA:173,612
DA:174,611
DA:182,2
DA:183,0
DA:184,0
DA:185,0
DA:187,31
DA:188,0
DA:189,0
DA:190,0
DA:192,31
DA:193,31
DA:202,2
DA:203,0
DA:204,0
DA:205,0
DA:207,22
DA:208,22
DA:209,22
DA:211,0
DA:212,0
DA:213,0
DA:215,22
DA:217,22
DA:218,32
DA:219,32
DA:220,32
DA:221,32
DA:222,22
DA:231,2
DA:232,0
DA:233,0
DA:234,0
DA:236,7
DA:237,7
DA:239,0
DA:240,0
DA:241,0
DA:243,0
DA:244,0
DA:245,0
DA:248,7
DA:251,7
DA:252,7
DA:253,0
DA:254,0
DA:255,0
DA:257,14
DA:258,0
DA:259,0
DA:260,0
DA:262,14
DA:263,14
DA:265,0
DA:266,0
DA:267,0
DA:269,0
DA:270,0
DA:271,0
DA:273,14
DA:274,14
DA:275,14
DA:278,7
DA:279,7
DA:287,2
DA:288,0
DA:289,0
DA:290,0
DA:292,7
DA:293,7
DA:295,0
DA:296,0
DA:297,0
DA:299,0
DA:300,0
DA:301,0
DA:303,7
DA:304,7
DA:305,0
DA:306,0
DA:307,0
DA:308,7
DA:311,7
DA:312,0
DA:313,0
DA:314,0
DA:317,120
DA:320,120
DA:321,120
DA:322,120
DA:323,0
DA:324,0
DA:325,0
DA:326,120
DA:327,120
DA:328,120
DA:331,120
DA:332,7
DA:334,7
DA:335,7
DA:343,2
DA:344,0
DA:345,0
DA:346,0
DA:348,6
DA:349,6
DA:350,6
DA:352,0
DA:353,0
DA:354,0
DA:356,0
DA:357,0
DA:358,0
DA:361,30
DA:362,6
DA:364,6
DA:366,6
DA:367,6
DA:376,2
DA:377,112
DA:378,113
DA:379,113
DA:382,112
DA:383,327
DA:384,0
DA:385,0
DA:386,0
DA:388,327
DA:389,328
DA:390,328
DA:392,541
DA:393,327
DA:394,328
DA:395,328
DA:397,540
DA:398,540
DA:400,0
DA:401,0
DA:402,0
DA:405,0
DA:406,0
DA:407,0
DA:410,540
DA:413,327
DA:414,433
DA:415,433
DA:416,327
DA:419,113
DA:420,112
DA:428,0
DA:429,0
DA:430,0
DA:431,0
DA:433,0
DA:434,0
DA:435,0
DA:436,0
DA:438,0
DA:439,0
DA:448,0
DA:449,0
DA:450,0
DA:451,0
DA:453,0
DA:454,0
DA:455,0
DA:456,0
DA:458,0
DA:459,0
DA:460,0
DA:461,0
DA:464,0
DA:465,0
DA:466,0
DA:467,0
DA:468,0
DA:469,0
DA:470,0
DA:471,0
DA:472,0
DA:473,0
DA:476,0
DA:477,0
DA:478,0
DA:479,0
DA:480,0
DA:481,0
DA:482,0
DA:483,0
DA:485,0
DA:487,0
DA:488,0
DA:490,0
DA:491,0
DA:492,0
DA:495,0
DA:496,0
DA:497,0
DA:498,0
DA:500,0
DA:501,0
DA:502,0
DA:503,0
DA:504,0
DA:505,0
DA:506,0
DA:507,0
DA:508,0
DA:509,0
DA:512,0
DA:513,0
DA:514,0
DA:515,0
DA:516,0
DA:517,0
DA:519,0
DA:520,0
DA:521,0
DA:522,0
DA:523,0
DA:524,0
DA:525,0
DA:526,0
DA:527,0
DA:528,0
DA:529,0
DA:530,0
DA:532,0
DA:533,0
DA:534,0
DA:535,0
DA:536,0
DA:537,0
DA:538,0
DA:539,0
DA:540,0
DA:542,0
DA:543,0
DA:551,0
DA:552,0
DA:553,0
DA:554,0
DA:556,0
DA:557,0
DA:558,0
DA:560,0
DA:561,0
DA:562,0
DA:564,0
DA:565,0
DA:566,0
DA:568,0
DA:569,0
DA:570,0
DA:572,0
DA:573,0
DA:574,0
DA:575,0
DA:576,0
DA:577,0
DA:580,0
DA:581,0
DA:582,0
DA:583,0
DA:586,0
DA:589,0
DA:590,0
DA:591,0
DA:592,0
DA:593,0
DA:594,0
DA:595,0
DA:596,0
DA:597,0
DA:600,0
DA:601,0
DA:603,0
DA:604,0
DA:606,0
DA:607,0
DA:616,2
DA:617,438
DA:618,0
DA:619,0
DA:620,0
DA:622,438
DA:625,438
DA:626,873
DA:627,873
DA:628,0
DA:630,0
DA:631,0
DA:633,0
DA:634,0
DA:635,873
DA:637,0
DA:639,0
DA:640,0
DA:642,438
DA:643,438
DA:644,438
DA:645,438
DA:646,438
DA:655,2
DA:656,0
DA:657,0
DA:658,0
DA:660,438
DA:661,438
DA:662,438
DA:663,438
DA:665,0
DA:666,0
DA:667,0
DA:669,0
DA:670,0
DA:671,2
DA:677,2
DA:678,4
DA:679,4
DA:682,4
DA:683,9
DA:684,9
DA:685,0
DA:686,0
DA:687,0
DA:688,19
DA:689,19
DA:690,9
DA:691,4
DA:693,4
DA:694,0
DA:695,0
DA:696,0
DA:697,113
DA:698,0
DA:699,0
DA:700,0
DA:702,113
DA:703,0
DA:704,0
DA:705,0
DA:707,113
DA:708,113
DA:709,0
DA:710,0
DA:711,0
DA:712,113
DA:713,113
DA:714,113
DA:715,4
DA:717,4
DA:718,13
DA:719,13
DA:720,0
DA:721,0
DA:722,0
DA:723,31
DA:724,31
DA:725,13
DA:726,4
DA:728,4
DA:729,0
DA:730,0
DA:731,0
DA:732,5
DA:733,0
DA:734,0
DA:735,0
DA:737,5
DA:738,0
DA:739,0
DA:740,0
DA:742,5
DA:743,5
DA:744,0
DA:745,0
DA:746,0
DA:747,5
DA:748,0
DA:749,0
DA:750,0
DA:751,5
DA:752,5
DA:753,5
DA:754,4
DA:757,4
DA:758,0
DA:759,0
DA:760,0
DA:762,119
DA:763,119
DA:765,0
DA:766,0
DA:767,0
DA:769,0
DA:770,0
DA:771,0
DA:773,119
DA:774,4
DA:776,4
DA:777,0
DA:778,0
DA:779,0
DA:781,9
DA:782,9
DA:784,0
DA:785,0
DA:786,0
DA:788,0
DA:789,0
DA:790,0
DA:792,9
DA:793,4
DA:795,4
DA:796,0
DA:797,0
DA:798,0
DA:800,7
DA:801,7
DA:803,0
DA:804,0
DA:805,0
DA:807,0
DA:808,0
DA:809,0
DA:811,7
DA:812,4
DA:815,4
DA:816,0
DA:817,0
DA:818,0
DA:820,5
DA:821,5
DA:823,0
DA:824,0
DA:825,0
DA:827,0
DA:828,0
DA:829,0
DA:831,5
DA:832,20
DA:833,4
DA:835,4
DA:836,0
DA:837,0
DA:838,0
DA:840,5
DA:841,0
DA:842,0
DA:843,0
DA:845,0
DA:846,0
DA:847,0
DA:849,5
DA:850,0
DA:851,0
DA:852,0
DA:854,5
DA:855,0
DA:856,0
DA:857,0
DA:859,5
DA:860,4
DA:862,4
DA:863,0
DA:864,0
DA:865,0
DA:867,5
DA:868,0
DA:869,0
DA:870,0
DA:872,0
DA:873,0
DA:874,0
DA:876,5
DA:877,0
DA:878,0
DA:879,0
DA:881,5
DA:882,4
DA:885,4
DA:886,0
DA:887,0
DA:888,0
DA:890,6
DA:891,0
DA:892,0
DA:893,0
DA:895,6
DA:896,4
DA:898,4
DA:899,0
DA:900,0
DA:901,0
DA:903,6
DA:904,0
DA:905,0
DA:906,0
DA:908,6
DA:909,4
DA:911,0
DA:912,0
DA:913,0
DA:914,0
DA:916,0
DA:917,0
DA:919,0
DA:920,0
DA:921,0
DA:923,0
DA:924,0
DA:931,4
DA:932,0
DA:933,0
DA:934,0
DA:936,8
DA:937,0
DA:938,0
DA:939,0
DA:941,8
DA:942,10
DA:943,10
DA:944,11
DA:945,11
DA:946,11
DA:947,11
DA:948,4
DA:950,4
DA:951,0
DA:952,0
DA:953,0
DA:955,5
DA:956,5
DA:957,5
DA:959,0
DA:960,0
DA:961,0
DA:963,0
DA:964,0
DA:965,0
DA:967,0
DA:968,0
DA:969,0
DA:971,5
DA:972,5
DA:973,5
DA:975,5
DA:976,4
DA:978,4
DA:979,6
DA:980,6
DA:981,0
DA:982,0
DA:983,0
DA:984,12
DA:985,12
DA:986,6
DA:987,4
DA:989,4
DA:990,0
DA:991,0
DA:992,0
DA:994,6
DA:995,6
DA:997,0
DA:998,0
DA:999,0
DA:1001,0
DA:1002,0
DA:1003,0
DA:1005,6
DA:1006,4
DA:1008,4
DA:1009,0
DA:1010,0
DA:1011,0
DA:1013,5
DA:1014,5
DA:1016,0
DA:1017,0
DA:1018,0
DA:1020,0
DA:1021,0
DA:1022,0
DA:1024,5
DA:1025,4
DA:1027,4
DA:1028,0
DA:1029,0
DA:1030,0
DA:1032,5
DA:1033,5
DA:1035,0
DA:1036,0
DA:1037,0
DA:1039,0
DA:1040,0
DA:1041,0
DA:1043,5
DA:1044,4
DA:1046,4
DA:1047,0
DA:1048,0
DA:1049,0
DA:1051,5
DA:1052,0
DA:1053,0
DA:1054,0
DA:1056,0
DA:1057,0
DA:1058,0
DA:1060,5
DA:1061,4
DA:1063,4
DA:1064,0
DA:1065,0
DA:1066,0
DA:1068,5
DA:1069,0
DA:1070,0
DA:1071,0
DA:1073,0
DA:1074,0
DA:1075,0
DA:1077,5
DA:1078,4
DA:1081,4
DA:1082,5
DA:1083,5
DA:1084,0
DA:1085,0
DA:1086,0
DA:1087,8
DA:1088,8
DA:1089,5
DA:1090,4
DA:1092,4
DA:1093,0
DA:1094,0
DA:1095,0
DA:1097,5
DA:1098,0
DA:1099,0
DA:1100,0
DA:1102,0
DA:1103,0
DA:1104,0
DA:1106,5
DA:1107,15
DA:1108,4
DA:1110,4
DA:1111,0
DA:1112,0
DA:1113,0
DA:1115,12
DA:1116,12
DA:1118,0
DA:1119,0
DA:1120,0
DA:1122,0
DA:1123,0
DA:1124,0
DA:1126,0
DA:1127,0
DA:1128,0
DA:1130,12
DA:1131,12
DA:1133,12
DA:1134,13
DA:1135,13
DA:1137,19
DA:1138,0
DA:1139,4
DA:1141,4
DA:1142,0
DA:1143,0
DA:1144,0
DA:1146,6
DA:1147,0
DA:1148,0
DA:1149,0
DA:1151,0
DA:1152,0
DA:1153,0
DA:1155,6
DA:1156,6
DA:1157,7
DA:1158,7
DA:1160,7
DA:1161,0
DA:1162,4
DA:1164,4
DA:1165,0
DA:1166,0
DA:1167,0
DA:1169,6
DA:1170,6
DA:1172,0
DA:1173,0
DA:1174,0
DA:1176,0
DA:1177,0
DA:1178,0
DA:1180,6
DA:1181,6
DA:1182,12
DA:1183,12
DA:1184,13
DA:1185,13
DA:1186,12
DA:1188,7
DA:1189,4
DA:1192,4
DA:1193,0
DA:1194,0
DA:1195,0
DA:1197,9
DA:1198,0
DA:1199,0
DA:1200,0
DA:1202,9
DA:1203,4
DA:1205,4
DA:1206,0
DA:1207,0
DA:1208,0
DA:1210,6
DA:1211,0
DA:1212,0
DA:1213,0
DA:1215,6
DA:1216,4
DA:1218,4
DA:1219,0
DA:1220,0
DA:1221,0
DA:1223,5
DA:1224,0
DA:1225,0
DA:1226,0
DA:1228,5
DA:1229,4
DA:1231,4
DA:1232,0
DA:1233,0
DA:1234,0
DA:1236,5
DA:1237,0
DA:1238,0
DA:1239,0
DA:1241,5
DA:1242,4
DA:1244,4
DA:1245,0
DA:1246,0
DA:1247,0
DA:1249,5
DA:1250,0
DA:1251,0
DA:1252,0
DA:1254,5
DA:1255,4
DA:1257,4
DA:1258,0
DA:1259,0
DA:1260,0
DA:1262,9
DA:1263,0
DA:1264,0
DA:1265,0
DA:1267,0
DA:1268,0
DA:1269,0
DA:1271,9
DA:1272,4
DA:1274,4
DA:1275,0
DA:1276,0
DA:1277,0
DA:1279,8
DA:1280,0
DA:1281,0
DA:1282,0
DA:1284,0
DA:1285,0
DA:1286,0
DA:1288,8
DA:1289,8
DA:1290,4
DA:1292,4
DA:1293,0
DA:1294,0
DA:1295,0
DA:1297,6
DA:1298,0
DA:1299,0
DA:1300,0
DA:1302,0
DA:1303,0
DA:1304,0
DA:1306,6
DA:1307,6
DA:1308,4
DA:1311,4
DA:1312,8
DA:1313,9
DA:1314,9
DA:1316,11
DA:1317,0
DA:1318,0
DA:1319,0
DA:1321,0
DA:1322,0
DA:1323,0
DA:1325,11
DA:1326,4
DA:1328,4
DA:1329,6
DA:1330,7
DA:1331,7
DA:1333,7
DA:1334,6
DA:1335,0
DA:1336,0
DA:1337,0
DA:1338,10
DA:1339,10
DA:1340,12
DA:1341,12
DA:1342,10
DA:1344,7
DA:1345,4
DA:1347,4
DA:1348,0
DA:1349,0
DA:1350,0
DA:1352,5
DA:1353,5
DA:1354,0
DA:1355,0
DA:1356,0
DA:1357,9
DA:1358,9
DA:1359,11
DA:1360,11
DA:1361,9
DA:1363,5
DA:1364,4
DA:1366,4
DA:1367,0
DA:1368,0
DA:1369,0
DA:1371,7
DA:1372,0
DA:1373,0
DA:1374,0
DA:1376,0
DA:1377,0
DA:1378,0
DA:1380,7
DA:1381,7
DA:1382,8
DA:1383,8
DA:1385,9
DA:1386,4
DA:1388,4
DA:1389,0
DA:1390,0
DA:1391,0
DA:1393,6
DA:1394,6
DA:1396,0
DA:1397,0
DA:1398,0
DA:1400,0
DA:1401,0
DA:1402,0
DA:1404,6
DA:1405,4
DA:1407,4
DA:1408,0
DA:1409,0
DA:1410,0
DA:1412,6
DA:1413,6
DA:1415,0
DA:1416,0
DA:1417,0
DA:1419,0
DA:1420,0
DA:1421,0
DA:1423,6
DA:1424,6
DA:1425,7
DA:1426,7
DA:1428,7
DA:1429,4
DA:1431,4
DA:1432,0
DA:1433,0
DA:1434,0
DA:1436,5
DA:1437,0
DA:1438,0
DA:1439,0
DA:1441,0
DA:1442,0
DA:1443,0
DA:1445,5
DA:1446,4
DA:1448,4
DA:1449,0
DA:1450,0
DA:1451,0
DA:1453,5
DA:1454,0
DA:1455,0
DA:1456,0
DA:1458,0
DA:1459,0
DA:1460,0
DA:1462,5
DA:1463,4
DA:1465,4
DA:1466,0
DA:1467,0
DA:1468,0
DA:1470,5
DA:1471,0
DA:1472,0
DA:1473,0
DA:1475,0
DA:1476,0
DA:1477,0
DA:1479,5
DA:1480,4
DA:1483,4
DA:1484,0
DA:1485,0
DA:1486,0
DA:1488,7
DA:1489,0
DA:1490,0
DA:1491,0
DA:1493,7
DA:1494,4
DA:1497,4
DA:1498,5
DA:1499,8
DA:1500,9
DA:1501,8
DA:1502,11
DA:1503,11
DA:1504,0
DA:1505,0
DA:1506,0
DA:1507,0
DA:1508,0
DA:1509,0
DA:1510,0
DA:1511,0
DA:1512,0
DA:1513,0
DA:1514,0
DA:1515,0
DA:1516,0
DA:1517,0
DA:1518,0
DA:1519,0
DA:1520,0
DA:1521,0
DA:1522,0
DA:1523,5
DA:1525,5
DA:1526,5
DA:1527,4
DA:1529,16
DA:1530,2
LH:445
LF:1071
end_of_record
SF:/Users/mekael/Documents/programming/typescript/tmax/src/tlisp/parser.ts
FN:21,<instance_members_initializer>
FN:28,TLispParser
FN:37,parse
FN:66,tokenize
FN:74,parseExpression
FN:119,parseQuote
FN:129,parseQuasiquote
FN:139,parseUnquote
FN:149,parseUnquoteSplicing
FN:159,parseList
FN:179,parseAtom
FN:215,parseStringLiteral
FN:238,peek
FN:246,advance
FN:254,consume
FN:266,isNumber
FN:275,isString
FNDA:3,<instance_members_initializer>
FNDA:3,TLispParser
FNDA:117,parse
FNDA:0,tokenize
FNDA:708,parseExpression
FNDA:39,parseQuote
FNDA:0,parseQuasiquote
FNDA:0,parseUnquote
FNDA:0,parseUnquoteSplicing
FNDA:213,parseList
FNDA:456,parseAtom
FNDA:30,parseStringLiteral
FNDA:1690,peek
FNDA:921,advance
FNDA:465,consume
FNDA:442,isNumber
FNDA:263,isString
FNF:17
FNH:13
BRDA:41,3,0,0
BRDA:43,3,1,116
BRDA:47,3,2,940
BRDA:48,3,3,217
BRDA:48,3,4,723
BRDA:49,3,5,216
BRDA:50,3,6,1
BRDA:53,3,7,115
BRDA:54,3,8,2
BRDA:56,3,9,113
BRDA:77,5,0,0
BRDA:82,5,1,39
BRDA:84,5,2,669
BRDA:87,5,3,0
BRDA:89,5,4,669
BRDA:92,5,5,0
BRDA:94,5,6,669
BRDA:97,5,7,0
BRDA:99,5,8,669
BRDA:102,5,9,213
BRDA:104,5,10,456
BRDA:107,5,11,0
BRDA:109,5,12,456
BRDA:163,10,0,556
BRDA:163,10,1,556
BRDA:167,10,2,0
BRDA:182,11,0,0
BRDA:187,11,1,5
BRDA:189,11,2,451
BRDA:192,11,3,9
BRDA:194,11,4,442
BRDA:197,11,5,179
BRDA:199,11,6,263
BRDA:202,11,7,30
BRDA:204,11,8,233
BRDA:216,12,0,0
BRDA:247,15,0,0
BRDA:256,16,0,0
BRDA:276,18,0,30
BRF:39
BRH:28
DA:7,3
DA:8,3
DA:9,3
DA:10,3
DA:11,3
DA:12,3
DA:13,3
DA:14,3
DA:15,3
DA:20,3
DA:21,3
DA:22,6
DA:23,3
DA:28,3
DA:29,6
DA:30,6
DA:37,3
DA:38,120
DA:39,120
DA:41,0
DA:42,0
DA:43,0
DA:46,236
DA:47,120
DA:48,1060
DA:49,1783
DA:50,1060
DA:51,1061
DA:52,1061
DA:53,1060
DA:54,120
DA:55,122
DA:56,122
DA:58,233
DA:59,120
DA:66,0
DA:67,0
DA:68,0
DA:74,3
DA:75,711
DA:77,0
DA:78,0
DA:79,0
DA:82,711
DA:83,750
DA:84,750
DA:87,0
DA:88,0
DA:89,0
DA:92,0
DA:93,0
DA:94,0
DA:97,0
DA:98,0
DA:99,0
DA:102,711
DA:103,924
DA:104,924
DA:107,0
DA:108,0
DA:109,0
DA:112,1167
DA:113,711
DA:119,3
DA:120,42
DA:121,42
DA:122,168
DA:123,42
DA:129,0
DA:130,0
DA:131,0
DA:132,0
DA:133,0
DA:139,0
DA:140,0
DA:141,0
DA:142,0
DA:143,0
DA:149,0
DA:150,0
DA:151,0
DA:152,0
DA:153,0
DA:159,3
DA:160,216
DA:161,216
DA:163,216
DA:164,772
DA:165,772
DA:167,0
DA:168,0
DA:169,0
DA:171,216
DA:172,216
DA:173,216
DA:179,3
DA:180,459
DA:182,0
DA:183,0
DA:184,0
DA:187,459
DA:188,464
DA:189,464
DA:192,459
DA:193,468
DA:194,468
DA:197,459
DA:198,638
DA:199,638
DA:202,459
DA:203,489
DA:204,489
DA:207,692
DA:208,459
DA:215,3
DA:216,0
DA:217,0
DA:218,0
DA:221,33
DA:222,0
DA:223,0
DA:224,0
DA:225,0
DA:226,0
DA:227,0
DA:228,0
DA:229,0
DA:230,0
DA:231,0
DA:232,33
DA:238,3
DA:239,1693
DA:240,1693
DA:246,3
DA:247,0
DA:248,924
DA:254,3
DA:255,468
DA:256,0
DA:257,0
DA:258,0
DA:259,468
DA:266,3
DA:267,445
DA:268,445
DA:275,3
DA:276,266
DA:277,266
DA:278,3
LH:90
LF:149
end_of_record
SF:/Users/mekael/Documents/programming/typescript/tmax/src/tlisp/tokenizer.ts
FN:10,<instance_members_initializer>
FN:18,tokenize
FN:48,skipWhitespace
FN:57,skipComment
FN:67,readToken
FN:119,readString
FN:167,readNumber
FN:193,readSymbol
FN:208,peek
FN:217,advance
FN:226,isWhitespace
FN:235,isDigit
FN:244,isSymbolStart
FN:253,isSymbolChar
FNDA:4,<instance_members_initializer>
FNDA:142,tokenize
FNDA:1054,skipWhitespace
FNDA:4,skipComment
FNDA:1039,readToken
FNDA:34,readString
FNDA:200,readNumber
FNDA:289,readSymbol
FNDA:6592,peek
FNDA:1969,advance
FNDA:1949,isWhitespace
FNDA:921,isDigit
FNDA:289,isSymbolStart
FNDA:1243,isSymbolChar
FNF:14
FNH:14
BRDA:23,2,0,1054
BRDA:26,2,1,11
BRDA:28,2,2,1043
BRDA:31,2,3,4
BRDA:34,2,4,1042
BRDA:34,2,5,1039
BRDA:37,2,6,1038
BRDA:40,2,7,141
BRDA:49,3,0,1949
BRDA:49,3,1,906
BRDA:58,4,0,77
BRDA:58,4,1,74
BRDA:71,5,0,801
BRDA:71,5,1,475
BRDA:73,5,2,564
BRDA:76,5,3,41
BRDA:78,5,4,523
BRDA:81,5,5,0
BRDA:83,5,6,523
BRDA:86,5,7,0
BRDA:93,5,8,523
BRDA:96,5,9,34
BRDA:98,5,10,489
BRDA:101,5,11,292
BRDA:101,5,12,11
BRDA:101,5,13,200
BRDA:103,5,14,289
BRDA:108,5,15,0
BRDA:123,6,0,221
BRDA:123,6,1,188
BRDA:124,6,2,0
BRDA:154,6,3,33
BRDA:156,6,4,1
BRDA:158,6,5,33
BRDA:170,7,0,3
BRDA:174,7,1,413
BRDA:174,7,2,217
BRDA:179,7,3,4
BRDA:181,7,4,8
BRDA:181,7,5,5
BRDA:196,8,0,1243
BRDA:196,8,1,969
BRDA:210,9,0,6588
BRDA:210,9,1,4
BRDA:218,10,0,0
BRF:45
BRH:40
DA:9,4
DA:10,4
DA:11,4
DA:18,4
DA:19,146
DA:20,146
DA:21,146
DA:23,146
DA:24,1200
DA:26,1200
DA:27,1211
DA:28,1211
DA:31,1200
DA:32,1204
DA:33,1204
DA:34,1204
DA:36,3281
DA:37,2242
DA:38,3280
DA:39,3280
DA:40,1200
DA:42,287
DA:43,146
DA:48,4
DA:49,1058
DA:50,1964
DA:51,1964
DA:52,1058
DA:57,4
DA:58,8
DA:59,82
DA:60,82
DA:61,8
DA:67,4
DA:68,1043
DA:71,1043
DA:72,1518
DA:73,1518
DA:76,1043
DA:77,1084
DA:78,1084
DA:81,0
DA:82,0
DA:83,0
DA:86,0
DA:87,0
DA:88,0
DA:89,0
DA:90,0
DA:91,0
DA:92,0
DA:93,0
DA:96,1043
DA:97,1077
DA:98,1077
DA:101,1043
DA:102,1243
DA:103,1243
DA:106,1332
DA:107,1332
DA:108,1332
DA:111,0
DA:112,0
DA:113,0
DA:119,4
DA:120,38
DA:121,38
DA:123,38
DA:124,0
DA:126,0
DA:127,0
DA:128,0
DA:129,0
DA:130,0
DA:131,0
DA:132,0
DA:133,0
DA:134,0
DA:135,0
DA:136,0
DA:137,0
DA:138,0
DA:139,0
DA:140,0
DA:141,0
DA:142,0
DA:143,0
DA:144,0
DA:145,0
DA:146,0
DA:147,0
DA:148,0
DA:149,0
DA:150,226
DA:151,226
DA:152,226
DA:154,38
DA:155,71
DA:156,38
DA:157,39
DA:158,39
DA:160,71
DA:161,38
DA:167,4
DA:168,204
DA:170,204
DA:171,207
DA:172,207
DA:174,204
DA:175,421
DA:176,421
DA:179,204
DA:180,208
DA:181,208
DA:182,213
DA:183,213
DA:184,208
DA:186,204
DA:187,204
DA:193,4
DA:194,293
DA:196,293
DA:197,1262
DA:198,1262
DA:200,293
DA:201,293
DA:208,4
DA:209,6596
DA:210,6596
DA:211,6596
DA:217,4
DA:218,0
DA:219,1973
DA:226,4
DA:227,1953
DA:228,1953
DA:235,4
DA:236,925
DA:237,925
DA:244,4
DA:245,293
DA:246,293
DA:253,4
DA:254,1247
DA:255,1247
DA:256,4
LH:106
LF:146
end_of_record
SF:/Users/mekael/Documents/programming/typescript/tmax/src/tlisp/values.ts
FN:24,createNil
FN:34,createBoolean
FN:44,createNumber
FN:54,createString
FN:64,createSymbol
FN:74,createList
FN:85,createFunction
FN:100,createMacro
FN:114,isNil
FN:123,isMacro
FN:132,isTruthy
FN:143,valueToString
FN:172,valuesEqual
FNDA:13,createNil
FNDA:192,createBoolean
FNDA:352,createNumber
FNDA:45,createString
FNDA:278,createSymbol
FNDA:261,createList
FNDA:95,createFunction
FNDA:0,createMacro
FNDA:238,isNil
FNDA:435,isMacro
FNDA:236,isTruthy
FNDA:1,valueToString
FNDA:0,valuesEqual
FNF:13
FNH:11
BRDA:133,11,0,2
BRDA:133,11,1,235
BRDA:133,11,2,234
BRDA:134,11,3,233
BRDA:134,11,4,1
BRDA:147,12,0,0
BRDA:149,12,1,0
BRDA:151,12,2,0
BRDA:153,12,3,0
BRDA:155,12,4,0
BRDA:157,12,5,0
BRDA:159,12,6,0
BRDA:161,12,7,0
BRF:13
BRH:5
DA:24,3
DA:25,16
DA:26,16
DA:27,3
DA:34,3
DA:35,195
DA:36,195
DA:37,3
DA:44,3
DA:45,355
DA:46,355
DA:47,3
DA:54,3
DA:55,48
DA:56,48
DA:57,3
DA:64,3
DA:65,281
DA:66,281
DA:67,3
DA:74,3
DA:75,264
DA:76,264
DA:77,3
DA:85,3
DA:86,3
DA:87,3
DA:88,3
DA:89,98
DA:90,98
DA:91,98
DA:92,3
DA:100,0
DA:101,0
DA:102,0
DA:103,0
DA:104,0
DA:105,0
DA:106,0
DA:107,0
DA:114,3
DA:115,241
DA:116,3
DA:123,3
DA:124,438
DA:125,3
DA:132,3
DA:133,239
DA:134,474
DA:135,240
DA:136,3
DA:143,3
DA:144,4
DA:145,4
DA:146,4
DA:147,0
DA:148,0
DA:149,0
DA:150,0
DA:151,0
DA:152,0
DA:153,0
DA:154,0
DA:155,0
DA:156,0
DA:157,0
DA:158,0
DA:159,0
DA:160,0
DA:161,0
DA:162,0
DA:163,4
DA:164,3
DA:172,0
DA:173,0
DA:175,0
DA:176,0
DA:177,0
DA:178,0
DA:179,0
DA:180,0
DA:181,0
DA:182,0
DA:183,0
DA:184,0
DA:185,0
DA:186,0
DA:187,0
DA:188,0
DA:189,0
DA:190,0
DA:191,0
DA:192,0
DA:193,0
LH:49
LF:94
end_of_record
SF:/Users/mekael/Documents/programming/typescript/tmax/src/utils/debug-reporter.ts
FN:61,<static_initializer>
FN:62,<instance_members_initializer>
FN:67,DebugReporter
FN:69,getInstance
FN:79,recordOperationStart
FN:90,recordOperationComplete
FN:111,getSystemHealth
FN:143,getPerformanceMetrics
FN:172,getDebugContext
FN:204,generateAIReport
FN:313,generateRecommendations
FN:372,writeDebugReport
FN:408,status
FN:413,report
FN:418,startOp
FN:425,endOp
FN:430,context
FN:435,writeReport
FNDA:1,<static_initializer>
FNDA:1,<instance_members_initializer>
FNDA:1,DebugReporter
FNDA:1,getInstance
FNDA:2,recordOperationStart
FNDA:2,recordOperationComplete
FNDA:5,getSystemHealth
FNDA:4,getPerformanceMetrics
FNDA:4,getDebugContext
FNDA:2,generateAIReport
FNDA:2,generateRecommendations
FNDA:0,writeDebugReport
FNDA:0,status
FNDA:0,report
FNDA:0,startOp
FNDA:0,endOp
FNDA:0,context
FNDA:0,writeReport
FNF:18
FNH:11
BRDA:92,6,0,0
BRDA:118,7,0,0
BRDA:123,7,1,0
BRDA:226,16,0,0
BRDA:240,16,1,0
BRDA:250,16,2,0
BRDA:294,16,3,0
BRDA:266,19,0,0
BRDA:268,19,1,5
BRDA:320,23,0,0
BRDA:341,23,1,0
BRDA:351,23,2,0
BRDA:359,23,3,0
BRDA:363,23,4,0
BRDA:329,24,0,2
BRF:15
BRH:2
DA:6,1
DA:7,1
DA:60,1
DA:61,1
DA:62,1
DA:63,2
DA:64,2
DA:65,1
DA:67,1
DA:69,1
DA:70,2
DA:71,2
DA:72,2
DA:73,2
DA:74,2
DA:79,1
DA:80,3
DA:81,3
DA:82,3
DA:83,3
DA:84,3
DA:85,3
DA:90,1
DA:91,3
DA:92,0
DA:94,3
DA:95,3
DA:98,15
DA:99,3
DA:100,3
DA:101,3
DA:102,3
DA:103,3
DA:105,3
DA:106,3
DA:111,1
DA:112,6
DA:113,6
DA:114,6
DA:116,6
DA:117,6
DA:118,0
DA:120,6
DA:121,6
DA:122,6
DA:123,0
DA:124,0
DA:125,0
DA:127,6
DA:128,6
DA:130,6
DA:131,6
DA:132,6
DA:133,6
DA:134,6
DA:135,6
DA:136,6
DA:137,6
DA:138,6
DA:143,1
DA:144,5
DA:145,5
DA:146,5
DA:148,5
DA:149,5
DA:152,0
DA:153,0
DA:154,0
DA:155,0
DA:156,0
DA:157,0
DA:158,0
DA:159,0
DA:160,0
DA:162,5
DA:163,5
DA:164,5
DA:165,5
DA:166,5
DA:167,5
DA:172,1
DA:173,5
DA:174,5
DA:175,5
DA:177,5
DA:178,5
DA:179,6
DA:180,6
DA:181,6
DA:182,6
DA:183,5
DA:186,5
DA:187,5
DA:188,5
DA:189,5
DA:190,5
DA:191,5
DA:192,5
DA:193,5
DA:194,5
DA:195,5
DA:196,5
DA:197,5
DA:198,5
DA:199,5
DA:204,1
DA:205,3
DA:206,3
DA:208,3
DA:209,3
DA:211,3
DA:212,3
DA:213,3
DA:214,3
DA:215,3
DA:216,3
DA:217,3
DA:220,0
DA:222,0
DA:223,0
DA:224,0
DA:225,0
DA:226,0
DA:227,0
DA:231,3
DA:232,3
DA:234,3
DA:235,3
DA:236,3
DA:239,3
DA:240,0
DA:241,0
DA:242,0
DA:243,0
DA:244,0
DA:245,0
DA:246,0
DA:249,3
DA:250,0
DA:251,0
DA:252,0
DA:253,0
DA:254,0
DA:255,0
DA:256,0
DA:257,0
DA:260,3
DA:261,3
DA:264,3
DA:265,3
DA:266,3
DA:267,0
DA:268,29
DA:269,34
DA:270,29
DA:271,29
DA:273,3
DA:274,8
DA:277,8
DA:278,8
DA:279,8
DA:280,8
DA:282,8
DA:283,8
DA:284,8
DA:285,8
DA:286,8
DA:289,3
DA:290,3
DA:291,3
DA:293,3
DA:294,0
DA:295,0
DA:296,0
DA:297,0
DA:300,3
DA:302,3
DA:303,3
DA:304,3
DA:305,11
DA:307,3
DA:308,3
DA:313,1
DA:314,3
DA:317,3
DA:318,3
DA:319,3
DA:320,0
DA:321,0
DA:322,0
DA:325,3
DA:326,3
DA:327,3
DA:328,29
DA:329,29
DA:331,0
DA:332,0
DA:333,0
DA:335,0
DA:336,3
DA:337,3
DA:340,3
DA:341,0
DA:342,0
DA:345,3
DA:346,3
DA:347,3
DA:350,3
DA:351,0
DA:352,0
DA:354,0
DA:355,0
DA:358,3
DA:359,0
DA:360,0
DA:362,0
DA:363,0
DA:364,0
DA:366,0
DA:367,3
DA:372,0
DA:373,0
DA:374,0
DA:376,0
DA:377,0
DA:378,0
DA:379,0
DA:380,0
DA:381,0
DA:382,0
DA:383,0
DA:384,0
DA:385,0
DA:386,0
DA:387,0
DA:388,0
DA:389,0
DA:390,0
DA:392,0
DA:393,0
DA:394,0
DA:399,1
DA:404,1
DA:408,0
DA:413,0
DA:418,0
DA:419,0
DA:424,0
DA:425,0
DA:430,0
DA:435,0
DA:436,0
LH:162
LF:252
end_of_record
SF:/Users/mekael/Documents/programming/typescript/tmax/src/utils/error-manager.ts
FN:59,<instance_members_initializer>
FN:63,TmaxError
FN:95,getUserMessage
FN:102,getSuggestions
FN:109,toAIFormat
FN:175,<static_initializer>
FN:176,<instance_members_initializer>
FN:179,ErrorManager
FN:181,getInstance
FN:192,createError
FN:204,recordError
FN:214,getErrorHistory
FN:221,getRecentErrorsByCategory
FN:230,getErrorStats
FN:269,clearHistory
FN:277,generateAIReport
FN:324,validation
FN:348,parsing
FN:372,io
FN:395,runtime
FN:418,userInput
FN:448,tryCatch
FN:469,fromPromise
FN:490,throwLeft
FN:500,logAndReturn
FNDA:109,<instance_members_initializer>
FNDA:109,TmaxError
FNDA:2,getUserMessage
FNDA:1,getSuggestions
FNDA:1,toAIFormat
FNDA:2,<static_initializer>
FNDA:2,<instance_members_initializer>
FNDA:2,ErrorManager
FNDA:2,getInstance
FNDA:108,createError
FNDA:108,recordError
FNDA:10,getErrorHistory
FNDA:0,getRecentErrorsByCategory
FNDA:9,getErrorStats
FNDA:2,clearHistory
FNDA:2,generateAIReport
FNDA:103,validation
FNDA:1,parsing
FNDA:2,io
FNDA:1,runtime
FNDA:0,userInput
FNDA:0,tryCatch
FNDA:0,fromPromise
FNDA:0,throwLeft
FNDA:0,logAndReturn
FNF:25
FNH:19
BRDA:74,4,0,1
BRDA:96,5,0,0
BRDA:103,6,0,0
BRDA:113,7,0,0
BRDA:114,7,1,0
BRDA:159,7,2,0
BRDA:207,14,0,0
BRDA:245,18,0,0
BRDA:246,18,1,32
BRDA:249,18,2,0
BRDA:250,18,3,17
BRDA:301,23,0,0
BRDA:303,23,1,16
BRDA:332,24,0,0
BRDA:334,24,1,0
BRDA:361,25,0,0
BRF:16
BRH:4
DA:6,2
DA:7,2
DA:12,6
DA:27,6
DA:58,2
DA:59,2
DA:60,111
DA:61,2
DA:63,2
DA:64,2
DA:65,2
DA:66,2
DA:67,2
DA:68,111
DA:69,111
DA:70,111
DA:71,111
DA:72,111
DA:74,111
DA:75,112
DA:76,112
DA:77,112
DA:80,111
DA:81,111
DA:82,111
DA:83,111
DA:84,111
DA:85,111
DA:86,111
DA:87,111
DA:88,111
DA:90,111
DA:95,2
DA:96,0
DA:97,4
DA:102,2
DA:103,0
DA:104,3
DA:109,2
DA:110,3
DA:112,3
DA:113,0
DA:114,0
DA:115,3
DA:116,3
DA:117,3
DA:119,3
DA:120,3
DA:121,3
DA:123,3
DA:124,3
DA:125,3
DA:127,3
DA:128,3
DA:129,3
DA:131,3
DA:132,3
DA:133,3
DA:135,3
DA:136,3
DA:137,3
DA:139,3
DA:140,3
DA:141,3
DA:143,3
DA:144,3
DA:145,3
DA:147,3
DA:148,3
DA:149,3
DA:151,3
DA:152,3
DA:153,3
DA:154,5
DA:155,5
DA:156,5
DA:158,3
DA:159,0
DA:160,0
DA:162,0
DA:163,3
DA:164,3
DA:165,3
DA:167,3
DA:168,3
DA:169,3
DA:174,2
DA:175,2
DA:176,2
DA:177,4
DA:179,2
DA:181,2
DA:182,4
DA:183,4
DA:184,4
DA:185,4
DA:186,4
DA:191,2
DA:192,2
DA:193,2
DA:194,2
DA:195,2
DA:196,110
DA:197,110
DA:198,110
DA:199,110
DA:204,2
DA:205,110
DA:206,110
DA:207,0
DA:208,0
DA:209,0
DA:214,2
DA:215,36
DA:216,12
DA:221,0
DA:222,0
DA:223,0
DA:224,0
DA:225,0
DA:230,2
DA:235,2
DA:236,11
DA:237,11
DA:239,11
DA:240,11
DA:241,11
DA:243,11
DA:245,0
DA:246,0
DA:249,0
DA:250,0
DA:253,361
DA:254,361
DA:255,361
DA:256,361
DA:258,11
DA:259,11
DA:260,11
DA:261,11
DA:262,11
DA:263,11
DA:264,11
DA:269,2
DA:270,4
DA:271,12
DA:272,4
DA:277,2
DA:278,4
DA:279,4
DA:281,4
DA:283,4
DA:284,4
DA:285,4
DA:287,4
DA:289,4
DA:290,12
DA:291,12
DA:293,4
DA:294,4
DA:295,8
DA:296,8
DA:298,4
DA:299,4
DA:300,4
DA:301,0
DA:302,21
DA:303,21
DA:304,21
DA:305,21
DA:306,21
DA:307,21
DA:308,21
DA:309,21
DA:311,4
DA:312,4
DA:313,4
DA:318,2
DA:322,2
DA:323,2
DA:324,2
DA:325,2
DA:326,2
DA:327,2
DA:329,105
DA:330,105
DA:331,105
DA:332,0
DA:333,105
DA:334,0
DA:335,0
DA:336,105
DA:337,105
DA:338,105
DA:339,105
DA:340,105
DA:341,105
DA:346,2
DA:347,2
DA:348,2
DA:349,2
DA:350,2
DA:352,3
DA:353,3
DA:354,3
DA:355,3
DA:356,3
DA:357,3
DA:358,3
DA:359,3
DA:360,3
DA:361,9
DA:362,0
DA:363,3
DA:364,3
DA:369,2
DA:370,2
DA:371,2
DA:372,2
DA:373,2
DA:374,2
DA:376,4
DA:377,4
DA:378,4
DA:379,4
DA:380,4
DA:381,4
DA:382,4
DA:383,4
DA:384,4
DA:385,16
DA:386,4
DA:387,4
DA:388,4
DA:393,2
DA:394,2
DA:395,2
DA:396,2
DA:397,2
DA:399,3
DA:400,3
DA:401,3
DA:402,3
DA:403,3
DA:404,3
DA:405,3
DA:406,3
DA:407,3
DA:408,3
DA:409,3
DA:410,3
DA:411,3
DA:416,0
DA:417,0
DA:418,0
DA:419,0
DA:420,0
DA:422,0
DA:423,0
DA:424,0
DA:425,0
DA:426,0
DA:427,0
DA:428,0
DA:429,0
DA:430,0
DA:431,0
DA:432,0
DA:433,0
DA:434,0
DA:439,2
DA:444,2
DA:448,2
DA:449,0
DA:450,0
DA:451,0
DA:452,0
DA:453,0
DA:454,0
DA:455,0
DA:456,0
DA:457,0
DA:458,0
DA:460,0
DA:461,0
DA:462,0
DA:467,0
DA:468,0
DA:469,0
DA:471,0
DA:472,0
DA:473,0
DA:474,0
DA:475,0
DA:476,0
DA:477,0
DA:478,0
DA:479,0
DA:480,0
DA:482,0
DA:483,0
DA:484,0
DA:489,2
DA:490,0
DA:491,0
DA:492,0
DA:493,0
DA:494,0
DA:499,2
DA:500,0
DA:501,0
DA:502,0
DA:503,0
DA:504,0
DA:506,0
DA:507,0
DA:508,0
DA:509,0
LH:233
LF:318
end_of_record
SF:/Users/mekael/Documents/programming/typescript/tmax/src/utils/logger.ts
FN:70,<static_initializer>
FN:71,<instance_members_initializer>
FN:74,Logger
FN:86,getInstance
FN:96,generateCorrelationId
FN:103,createContext
FN:117,formatEntry
FN:159,formatForAI
FN:207,writeEntry
FN:237,debug
FN:249,info
FN:261,warn
FN:273,error
FN:286,fatal
FN:299,module
FN:306,configure
FN:313,getConfig
FN:321,<instance_members_initializer>
FN:322,ModuleLogger
FN:327,addModuleContext
FN:334,debug
FN:338,info
FN:342,warn
FN:346,error
FN:350,fatal
FN:357,fn
FN:365,<instance_members_initializer>
FN:366,FunctionLogger
FN:372,addFunctionContext
FN:380,debug
FN:384,info
FN:388,warn
FN:392,error
FN:396,fatal
FN:403,startOperation
FN:416,completeOperation
FN:427,failOperation
FN:445,debug
FN:447,info
FN:449,warn
FN:451,error
FN:453,fatal
FN:455,module
FNDA:2,<static_initializer>
FNDA:2,<instance_members_initializer>
FNDA:2,Logger
FNDA:4,getInstance
FNDA:235,generateCorrelationId
FNDA:124,createContext
FNDA:122,formatEntry
FNDA:122,formatForAI
FNDA:124,writeEntry
FNDA:2,debug
FNDA:8,info
FNDA:3,warn
FNDA:111,error
FNDA:0,fatal
FNDA:3,module
FNDA:2,configure
FNDA:2,getConfig
FNDA:3,<instance_members_initializer>
FNDA:3,ModuleLogger
FNDA:2,addModuleContext
FNDA:1,debug
FNDA:1,info
FNDA:0,warn
FNDA:0,error
FNDA:0,fatal
FNDA:4,fn
FNDA:4,<instance_members_initializer>
FNDA:4,FunctionLogger
FNDA:6,addFunctionContext
FNDA:0,debug
FNDA:3,info
FNDA:2,warn
FNDA:1,error
FNDA:0,fatal
FNDA:2,startOperation
FNDA:1,completeOperation
FNDA:1,failOperation
FNDA:0,debug
FNDA:0,info
FNDA:0,warn
FNDA:0,error
FNDA:0,fatal
FNDA:2,module
FNF:43
FNH:32
BRDA:87,5,0,2
BRDA:104,7,0,0
BRDA:119,8,0,0
BRDA:130,8,1,112
BRDA:130,8,2,10
BRDA:131,8,3,111
BRDA:138,8,4,9
BRDA:143,8,5,0
BRDA:145,8,6,0
BRDA:167,9,0,16
BRDA:171,9,1,10
BRDA:175,9,2,10
BRDA:179,9,3,112
BRDA:183,9,4,111
BRDA:193,9,5,9
BRDA:209,10,0,2
BRDA:212,10,1,122
BRDA:216,10,2,0
BRDA:219,10,3,8
BRDA:222,10,4,3
BRDA:225,10,5,111
BRDA:226,10,6,111
BRF:22
BRH:17
DA:11,6
DA:69,2
DA:70,2
DA:71,2
DA:72,2
DA:74,2
DA:75,4
DA:76,4
DA:77,4
DA:78,4
DA:79,4
DA:80,4
DA:81,4
DA:86,2
DA:87,6
DA:88,8
DA:89,8
DA:90,6
DA:91,6
DA:96,2
DA:97,237
DA:98,237
DA:103,2
DA:104,0
DA:106,126
DA:107,126
DA:108,126
DA:109,126
DA:110,126
DA:111,126
DA:112,126
DA:117,2
DA:118,124
DA:119,0
DA:121,124
DA:122,124
DA:123,124
DA:124,124
DA:125,124
DA:126,124
DA:127,124
DA:128,124
DA:129,124
DA:130,484
DA:131,124
DA:132,235
DA:133,235
DA:134,235
DA:135,235
DA:136,235
DA:137,124
DA:138,381
DA:139,372
DA:140,124
DA:142,0
DA:143,0
DA:144,0
DA:145,0
DA:146,0
DA:147,0
DA:148,0
DA:150,0
DA:151,0
DA:152,0
DA:153,0
DA:154,124
DA:159,2
DA:160,124
DA:161,124
DA:162,124
DA:163,124
DA:164,124
DA:165,124
DA:167,124
DA:168,124
DA:169,140
DA:171,124
DA:172,124
DA:173,134
DA:175,124
DA:176,124
DA:177,134
DA:179,124
DA:180,124
DA:181,236
DA:183,124
DA:184,124
DA:185,235
DA:186,235
DA:187,235
DA:188,235
DA:189,235
DA:190,235
DA:191,235
DA:193,124
DA:194,124
DA:195,133
DA:197,124
DA:198,124
DA:199,124
DA:201,124
DA:202,124
DA:207,2
DA:208,126
DA:209,126
DA:210,128
DA:212,126
DA:215,248
DA:216,0
DA:217,0
DA:218,0
DA:219,0
DA:220,134
DA:221,134
DA:222,126
DA:223,129
DA:224,129
DA:225,126
DA:226,126
DA:227,237
DA:228,237
DA:229,237
DA:232,126
DA:237,2
DA:238,4
DA:239,4
DA:240,4
DA:241,4
DA:242,4
DA:243,4
DA:244,4
DA:249,2
DA:250,10
DA:251,10
DA:252,10
DA:253,10
DA:254,10
DA:255,10
DA:256,10
DA:261,2
DA:262,5
DA:263,5
DA:264,5
DA:265,5
DA:266,5
DA:267,5
DA:268,5
DA:273,2
DA:274,113
DA:275,113
DA:276,113
DA:277,113
DA:278,113
DA:279,113
DA:280,113
DA:281,113
DA:286,0
DA:287,0
DA:288,0
DA:289,0
DA:290,0
DA:291,0
DA:292,0
DA:293,0
DA:294,0
DA:299,2
DA:300,5
DA:301,5
DA:306,2
DA:307,16
DA:308,4
DA:313,2
DA:314,12
DA:315,4
DA:316,4
DA:321,2
DA:322,2
DA:323,7
DA:324,7
DA:325,7
DA:327,2
DA:328,4
DA:329,4
DA:330,4
DA:331,4
DA:332,4
DA:334,2
DA:335,3
DA:336,3
DA:338,2
DA:339,3
DA:340,3
DA:342,0
DA:343,0
DA:344,0
DA:346,0
DA:347,0
DA:348,0
DA:350,0
DA:351,0
DA:352,0
DA:357,2
DA:358,6
DA:359,6
DA:360,6
DA:365,2
DA:366,2
DA:367,8
DA:368,8
DA:369,8
DA:370,8
DA:372,2
DA:373,8
DA:374,8
DA:375,8
DA:376,8
DA:377,8
DA:378,8
DA:380,0
DA:381,0
DA:382,0
DA:384,0
DA:385,5
DA:386,5
DA:388,2
DA:389,4
DA:390,4
DA:392,2
DA:393,3
DA:394,3
DA:396,0
DA:397,0
DA:398,0
DA:403,2
DA:404,4
DA:405,4
DA:406,4
DA:407,4
DA:408,12
DA:409,4
DA:410,4
DA:411,4
DA:416,2
DA:417,3
DA:418,3
DA:419,3
DA:420,9
DA:421,3
DA:422,3
DA:427,2
DA:428,3
DA:429,3
DA:430,3
DA:431,9
DA:432,3
DA:433,3
DA:434,3
DA:439,2
DA:444,2
DA:445,0
DA:446,0
DA:447,0
DA:448,0
DA:449,0
DA:450,0
DA:451,0
DA:452,0
DA:453,0
DA:454,0
DA:455,0
DA:456,4
LH:218
LF:271
end_of_record
SF:/Users/mekael/Documents/programming/typescript/tmax/src/utils/task-either.ts
FN:25,left
FN:26,right
FN:28,isLeft
FN:29,isRight
FN:31,map
FN:34,mapLeft
FN:37,flatMap
FN:40,fold
FN:43,getOrElse
FN:46,tryCatch
FN:58,<instance_members_initializer>
FN:59,Task
FN:64,of
FN:71,from
FN:78,fromSync
FN:85,run
FN:92,map
FN:102,flatMap
FN:112,tryCatch
FN:130,<instance_members_initializer>
FN:131,TaskEither
FN:136,right
FN:143,left
FN:150,from
FN:157,tryCatch
FN:177,fromSync
FN:197,run
FN:204,map
FN:214,mapLeft
FN:224,flatMap
FN:237,andThen
FN:244,fold
FN:254,getOrElse
FN:264,toTask
FN:274,zip
FN:291,sequence
FN:310,parallel
FN:334,readFile
FN:343,writeFile
FN:352,parseJSON
FN:361,stringifyJSON
FN:370,delay
FN:378,retry
FN:383,attempt
FNDA:20,left
FNDA:270,right
FNDA:269,isLeft
FNDA:38,isRight
FNDA:4,map
FNDA:1,mapLeft
FNDA:2,flatMap
FNDA:4,fold
FNDA:2,getOrElse
FNDA:2,tryCatch
FNDA:12,<instance_members_initializer>
FNDA:12,Task
FNDA:4,of
FNDA:0,from
FNDA:2,fromSync
FNDA:8,run
FNDA:1,map
FNDA:1,flatMap
FNDA:2,tryCatch
FNDA:62,<instance_members_initializer>
FNDA:62,TaskEither
FNDA:21,right
FNDA:7,left
FNDA:4,from
FNDA:9,tryCatch
FNDA:7,fromSync
FNDA:47,run
FNDA:2,map
FNDA:1,mapLeft
FNDA:6,flatMap
FNDA:2,andThen
FNDA:2,fold
FNDA:2,getOrElse
FNDA:0,toTask
FNDA:2,zip
FNDA:2,sequence
FNDA:1,parallel
FNDA:2,readFile
FNDA:1,writeFile
FNDA:3,parseJSON
FNDA:1,stringifyJSON
FNDA:1,delay
FNDA:1,retry
FNDA:3,attempt
FNF:44
FNH:42
BRDA:32,5,0,3
BRDA:32,5,1,1
BRDA:35,6,0,0
BRDA:38,7,0,1
BRDA:38,7,1,1
BRDA:41,8,0,2
BRDA:41,8,1,2
BRDA:44,9,0,1
BRDA:44,9,1,1
BRDA:49,10,0,1
BRDA:50,10,1,0
BRDA:115,24,0,1
BRDA:118,24,1,0
BRDA:120,24,2,0
BRDA:163,33,0,8
BRDA:163,33,1,6
BRDA:165,33,2,3
BRDA:166,33,3,2
BRDA:167,33,4,1
BRDA:168,33,5,0
BRDA:185,35,0,3
BRDA:186,35,1,1
BRDA:187,35,2,2
BRDA:188,35,3,0
BRDA:227,42,0,1
BRDA:229,42,1,5
BRDA:281,50,0,0
BRDA:282,50,1,1
BRDA:295,52,0,5
BRDA:297,52,1,1
BRDA:299,52,2,4
BRDA:301,52,3,1
BRDA:315,54,0,3
BRDA:316,54,1,0
BRDA:337,58,0,0
BRDA:355,64,0,0
BRDA:386,73,0,2
BRDA:386,73,1,1
BRDA:388,73,2,2
BRF:39
BRH:29
DA:24,5
DA:25,60
DA:26,560
DA:28,5
DA:29,5
DA:31,5
DA:32,5
DA:34,0
DA:35,0
DA:37,5
DA:38,5
DA:40,5
DA:41,5
DA:43,5
DA:44,5
DA:46,5
DA:47,7
DA:48,7
DA:49,7
DA:50,0
DA:51,8
DA:52,7
DA:53,5
DA:58,5
DA:59,39
DA:64,5
DA:65,9
DA:66,9
DA:71,0
DA:72,0
DA:73,0
DA:78,5
DA:79,7
DA:80,7
DA:85,5
DA:86,13
DA:87,13
DA:92,5
DA:93,6
DA:94,7
DA:95,7
DA:96,6
DA:97,6
DA:102,5
DA:103,6
DA:104,7
DA:105,7
DA:106,6
DA:107,6
DA:112,5
DA:113,7
DA:114,9
DA:115,9
DA:116,10
DA:117,10
DA:118,0
DA:119,0
DA:120,0
DA:121,10
DA:122,10
DA:123,7
DA:124,7
DA:125,5
DA:130,5
DA:131,139
DA:136,5
DA:137,26
DA:138,26
DA:143,5
DA:144,12
DA:145,12
DA:150,5
DA:151,9
DA:152,9
DA:157,5
DA:158,5
DA:159,5
DA:160,5
DA:161,14
DA:162,23
DA:163,23
DA:164,37
DA:165,31
DA:166,0
DA:167,0
DA:168,0
DA:169,34
DA:170,34
DA:171,14
DA:172,14
DA:177,5
DA:178,5
DA:179,5
DA:180,5
DA:181,12
DA:182,19
DA:183,19
DA:184,19
DA:185,19
DA:186,0
DA:187,0
DA:188,0
DA:189,22
DA:190,22
DA:191,12
DA:192,12
DA:197,5
DA:198,52
DA:199,52
DA:204,5
DA:205,7
DA:206,9
DA:207,9
DA:208,7
DA:209,7
DA:214,5
DA:215,6
DA:216,7
DA:217,7
DA:218,6
DA:219,6
DA:224,5
DA:225,11
DA:226,17
DA:227,17
DA:228,18
DA:229,18
DA:230,22
DA:231,11
DA:232,11
DA:237,5
DA:238,7
DA:239,7
DA:244,5
DA:245,7
DA:246,9
DA:247,9
DA:248,7
DA:249,7
DA:254,5
DA:255,7
DA:256,9
DA:257,9
DA:258,7
DA:259,7
DA:264,0
DA:265,0
DA:266,0
DA:267,0
DA:268,0
DA:269,0
DA:274,5
DA:275,7
DA:276,9
DA:277,9
DA:278,9
DA:279,9
DA:281,0
DA:282,9
DA:284,40
DA:285,7
DA:286,7
DA:291,5
DA:292,7
DA:293,9
DA:295,9
DA:296,14
DA:297,14
DA:298,15
DA:299,15
DA:300,18
DA:301,18
DA:303,10
DA:304,7
DA:305,7
DA:310,5
DA:311,6
DA:312,7
DA:313,7
DA:315,7
DA:316,0
DA:317,0
DA:318,0
DA:319,10
DA:320,10
DA:322,7
DA:323,6
DA:324,6
DA:325,5
DA:330,5
DA:334,0
DA:335,0
DA:336,0
DA:337,0
DA:343,0
DA:344,0
DA:345,0
DA:346,0
DA:352,0
DA:353,0
DA:354,0
DA:355,0
DA:361,0
DA:362,0
DA:363,0
DA:364,0
DA:370,5
DA:371,5
DA:372,5
DA:378,5
DA:379,5
DA:380,5
DA:381,5
DA:383,6
DA:384,9
DA:386,9
DA:387,10
DA:388,10
DA:390,11
DA:391,11
DA:392,6
DA:394,6
DA:395,6
DA:396,5
LH:183
LF:224
end_of_record
